<?xml version="1.0" encoding="UTF-8"?>
<!-- Generated by org.testng.reporters.JUnitReportReporter -->
<testsuite hostname="DESKTOP-3R6SEG2" failures="0" tests="1" name="Yocket_University.NewProject.LogIn" time="14.466" errors="0" timestamp="6 Oct 2021 05:14:41 GMT">
  <testcase classname="Yocket_University.NewProject.LogIn" name="mainTest" time="14.466"/>
</testsuite> <!-- Yocket_University.NewProject.LogIn -->
